{"C:\\VSCode Programs\\Week4\\Project-1\\app\\src\\main\\webapp\\index.js": {"path":"C:\\VSCode Programs\\Week4\\Project-1\\app\\src\\main\\webapp\\index.js","statementMap":{"0":{"start":{"line":1,"column":0},"end":{"line":1,"column":43}},"1":{"start":{"line":2,"column":10},"end":{"line":2,"column":45}},"2":{"start":{"line":3,"column":19},"end":{"line":3,"column":21}},"3":{"start":{"line":6,"column":15},"end":{"line":6,"column":31}},"4":{"start":{"line":7,"column":4},"end":{"line":7,"column":37}},"5":{"start":{"line":8,"column":4},"end":{"line":8,"column":30}},"6":{"start":{"line":11,"column":0},"end":{"line":11,"column":17}},"7":{"start":{"line":15,"column":12},"end":{"line":15,"column":54}},"8":{"start":{"line":16,"column":12},"end":{"line":16,"column":52}},"9":{"start":{"line":17,"column":12},"end":{"line":17,"column":53}},"10":{"start":{"line":19,"column":10},"end":{"line":19,"column":12}},"11":{"start":{"line":20,"column":0},"end":{"line":20,"column":30}},"12":{"start":{"line":22,"column":0},"end":{"line":22,"column":20}},"13":{"start":{"line":26,"column":0},"end":{"line":26,"column":30}}},"fnMap":{"0":{"name":"readInAccounts","decl":{"start":{"line":5,"column":15},"end":{"line":5,"column":29}},"loc":{"start":{"line":5,"column":32},"end":{"line":10,"column":1}},"line":5},"1":{"name":"checkUsers","decl":{"start":{"line":14,"column":9},"end":{"line":14,"column":19}},"loc":{"start":{"line":14,"column":21},"end":{"line":23,"column":1}},"line":14}},"branchMap":{},"s":{"0":1,"1":1,"2":1,"3":1,"4":1,"5":0,"6":1,"7":1,"8":1,"9":1,"10":1,"11":1,"12":1,"13":1},"f":{"0":1,"1":1},"b":{},"_coverageSchema":"1a1c01bbd47fc00a2c39e90264f33305004495a9","hash":"15b4523d08ebd8a5831f17eddb757e921a24b895"}
,"C:\\VSCode Programs\\Week4\\Project-1\\app\\src\\main\\webapp\\main.js": {"path":"C:\\VSCode Programs\\Week4\\Project-1\\app\\src\\main\\webapp\\main.js","statementMap":{"0":{"start":{"line":1,"column":0},"end":{"line":1,"column":41}},"1":{"start":{"line":4,"column":10},"end":{"line":4,"column":45}},"2":{"start":{"line":5,"column":19},"end":{"line":5,"column":21}},"3":{"start":{"line":8,"column":15},"end":{"line":8,"column":31}},"4":{"start":{"line":9,"column":4},"end":{"line":9,"column":37}},"5":{"start":{"line":10,"column":4},"end":{"line":10,"column":30}},"6":{"start":{"line":13,"column":0},"end":{"line":13,"column":17}},"7":{"start":{"line":17,"column":16},"end":{"line":17,"column":35}},"8":{"start":{"line":18,"column":14},"end":{"line":18,"column":31}},"9":{"start":{"line":19,"column":4},"end":{"line":24,"column":5}},"10":{"start":{"line":20,"column":15},"end":{"line":20,"column":43}},"11":{"start":{"line":21,"column":17},"end":{"line":21,"column":45}},"12":{"start":{"line":22,"column":6},"end":{"line":22,"column":27}},"13":{"start":{"line":23,"column":6},"end":{"line":23,"column":26}},"14":{"start":{"line":29,"column":4},"end":{"line":36,"column":5}},"15":{"start":{"line":30,"column":16},"end":{"line":30,"column":33}},"16":{"start":{"line":31,"column":6},"end":{"line":35,"column":7}},"17":{"start":{"line":32,"column":19},"end":{"line":32,"column":35}},"18":{"start":{"line":33,"column":19},"end":{"line":33,"column":56}},"19":{"start":{"line":34,"column":8},"end":{"line":34,"column":31}},"20":{"start":{"line":39,"column":14},"end":{"line":39,"column":49}},"21":{"start":{"line":40,"column":13},"end":{"line":40,"column":41}},"22":{"start":{"line":41,"column":2},"end":{"line":41,"column":37}},"23":{"start":{"line":42,"column":2},"end":{"line":42,"column":33}},"24":{"start":{"line":48,"column":19},"end":{"line":48,"column":55}},"25":{"start":{"line":49,"column":15},"end":{"line":49,"column":17}},"26":{"start":{"line":52,"column":15},"end":{"line":52,"column":38}},"27":{"start":{"line":53,"column":4},"end":{"line":53,"column":33}},"28":{"start":{"line":54,"column":4},"end":{"line":54,"column":26}},"29":{"start":{"line":57,"column":0},"end":{"line":57,"column":17}},"30":{"start":{"line":62,"column":2},"end":{"line":62,"column":41}},"31":{"start":{"line":64,"column":16},"end":{"line":64,"column":35}},"32":{"start":{"line":65,"column":14},"end":{"line":65,"column":31}},"33":{"start":{"line":66,"column":4},"end":{"line":71,"column":5}},"34":{"start":{"line":67,"column":15},"end":{"line":67,"column":43}},"35":{"start":{"line":68,"column":17},"end":{"line":68,"column":45}},"36":{"start":{"line":69,"column":6},"end":{"line":69,"column":27}},"37":{"start":{"line":70,"column":6},"end":{"line":70,"column":26}},"38":{"start":{"line":76,"column":4},"end":{"line":83,"column":5}},"39":{"start":{"line":77,"column":16},"end":{"line":77,"column":33}},"40":{"start":{"line":78,"column":6},"end":{"line":82,"column":7}},"41":{"start":{"line":79,"column":19},"end":{"line":79,"column":35}},"42":{"start":{"line":80,"column":19},"end":{"line":80,"column":56}},"43":{"start":{"line":81,"column":8},"end":{"line":81,"column":31}},"44":{"start":{"line":86,"column":14},"end":{"line":86,"column":54}},"45":{"start":{"line":87,"column":13},"end":{"line":87,"column":37}},"46":{"start":{"line":88,"column":2},"end":{"line":88,"column":33}},"47":{"start":{"line":89,"column":2},"end":{"line":89,"column":33}},"48":{"start":{"line":96,"column":14},"end":{"line":96,"column":50}},"49":{"start":{"line":97,"column":14},"end":{"line":97,"column":48}},"50":{"start":{"line":98,"column":14},"end":{"line":98,"column":45}},"51":{"start":{"line":99,"column":15},"end":{"line":99,"column":17}},"52":{"start":{"line":100,"column":2},"end":{"line":100,"column":35}},"53":{"start":{"line":102,"column":2},"end":{"line":104,"column":3}},"54":{"start":{"line":103,"column":2},"end":{"line":103,"column":25}},"55":{"start":{"line":105,"column":2},"end":{"line":107,"column":5}},"56":{"start":{"line":106,"column":4},"end":{"line":106,"column":30}},"57":{"start":{"line":112,"column":2},"end":{"line":112,"column":35}}},"fnMap":{"0":{"name":"readInAccounts","decl":{"start":{"line":7,"column":15},"end":{"line":7,"column":29}},"loc":{"start":{"line":7,"column":32},"end":{"line":12,"column":1}},"line":7},"1":{"name":"generateUserTable","decl":{"start":{"line":15,"column":9},"end":{"line":15,"column":26}},"loc":{"start":{"line":15,"column":28},"end":{"line":44,"column":1}},"line":15},"2":{"name":"generateTableHead","decl":{"start":{"line":16,"column":11},"end":{"line":16,"column":28}},"loc":{"start":{"line":16,"column":42},"end":{"line":26,"column":3}},"line":16},"3":{"name":"generateTable","decl":{"start":{"line":28,"column":11},"end":{"line":28,"column":24}},"loc":{"start":{"line":28,"column":38},"end":{"line":37,"column":3}},"line":28},"4":{"name":"readInWorkouts","decl":{"start":{"line":51,"column":15},"end":{"line":51,"column":29}},"loc":{"start":{"line":51,"column":32},"end":{"line":56,"column":1}},"line":51},"5":{"name":"generateWorkoutTable","decl":{"start":{"line":61,"column":9},"end":{"line":61,"column":29}},"loc":{"start":{"line":61,"column":31},"end":{"line":90,"column":1}},"line":61},"6":{"name":"generateTableHead","decl":{"start":{"line":63,"column":11},"end":{"line":63,"column":28}},"loc":{"start":{"line":63,"column":42},"end":{"line":73,"column":3}},"line":63},"7":{"name":"generateTable","decl":{"start":{"line":75,"column":11},"end":{"line":75,"column":24}},"loc":{"start":{"line":75,"column":38},"end":{"line":84,"column":3}},"line":75},"8":{"name":"checkWorkouts","decl":{"start":{"line":95,"column":9},"end":{"line":95,"column":22}},"loc":{"start":{"line":95,"column":30},"end":{"line":109,"column":3}},"line":95}},"branchMap":{"0":{"loc":{"start":{"line":102,"column":2},"end":{"line":104,"column":3}},"type":"if","locations":[{"start":{"line":102,"column":2},"end":{"line":104,"column":3}},{"start":{"line":102,"column":2},"end":{"line":104,"column":3}}],"line":102},"1":{"loc":{"start":{"line":105,"column":2},"end":{"line":107,"column":5}},"type":"if","locations":[{"start":{"line":105,"column":2},"end":{"line":107,"column":5}},{"start":{"line":105,"column":2},"end":{"line":107,"column":5}}],"line":105}},"s":{"0":1,"1":1,"2":1,"3":1,"4":1,"5":0,"6":1,"7":0,"8":0,"9":0,"10":0,"11":0,"12":0,"13":0,"14":0,"15":0,"16":0,"17":0,"18":0,"19":0,"20":0,"21":0,"22":0,"23":0,"24":1,"25":1,"26":1,"27":1,"28":0,"29":1,"30":0,"31":0,"32":0,"33":0,"34":0,"35":0,"36":0,"37":0,"38":0,"39":0,"40":0,"41":0,"42":0,"43":0,"44":0,"45":0,"46":0,"47":0,"48":2,"49":2,"50":2,"51":2,"52":2,"53":2,"54":1,"55":1,"56":1,"57":1},"f":{"0":1,"1":0,"2":0,"3":0,"4":1,"5":0,"6":0,"7":0,"8":2},"b":{"0":[1,1],"1":[1,0]},"_coverageSchema":"1a1c01bbd47fc00a2c39e90264f33305004495a9","hash":"e538e640e9fe95a37e1c9fe97083c4b9e8862afa"}
}
