TN:
SF:app\src\main\webapp\index.js
FN:5,readInAccounts
FN:14,checkUsers
FNF:2
FNH:2
FNDA:1,readInAccounts
FNDA:1,checkUsers
DA:1,1
DA:2,1
DA:3,1
DA:6,1
DA:7,1
DA:8,0
DA:11,1
DA:15,1
DA:16,1
DA:17,1
DA:19,1
DA:20,1
DA:22,1
DA:26,1
LF:14
LH:13
BRF:0
BRH:0
end_of_record
TN:
SF:app\src\main\webapp\main.js
FN:7,readInAccounts
FN:15,generateUserTable
FN:16,generateTableHead
FN:28,generateTable
FN:51,readInWorkouts
FN:61,generateWorkoutTable
FN:63,generateTableHead
FN:75,generateTable
FN:95,checkWorkouts
FNF:9
FNH:3
FNDA:1,readInAccounts
FNDA:0,generateUserTable
FNDA:0,generateTableHead
FNDA:0,generateTable
FNDA:1,readInWorkouts
FNDA:0,generateWorkoutTable
FNDA:0,generateTableHead
FNDA:0,generateTable
FNDA:2,checkWorkouts
DA:1,1
DA:4,1
DA:5,1
DA:8,1
DA:9,1
DA:10,0
DA:13,1
DA:17,0
DA:18,0
DA:19,0
DA:20,0
DA:21,0
DA:22,0
DA:23,0
DA:29,0
DA:30,0
DA:31,0
DA:32,0
DA:33,0
DA:34,0
DA:39,0
DA:40,0
DA:41,0
DA:42,0
DA:48,1
DA:49,1
DA:52,1
DA:53,1
DA:54,0
DA:57,1
DA:62,0
DA:64,0
DA:65,0
DA:66,0
DA:67,0
DA:68,0
DA:69,0
DA:70,0
DA:76,0
DA:77,0
DA:78,0
DA:79,0
DA:80,0
DA:81,0
DA:86,0
DA:87,0
DA:88,0
DA:89,0
DA:96,2
DA:97,2
DA:98,2
DA:99,2
DA:100,2
DA:102,2
DA:103,1
DA:105,1
DA:106,1
DA:112,1
LF:58
LH:21
BRDA:102,0,0,1
BRDA:102,0,1,1
BRDA:105,1,0,1
BRDA:105,1,1,0
BRF:4
BRH:3
end_of_record
